<?xml version="1.0" encoding="UTF-8" ?>
<testsuites name="vitest tests" tests="4" failures="0" errors="0" time="0.0044086">
    <testsuite name="src/lib/hooks/use-previous-month.test.ts" timestamp="2025-03-06T04:46:40.944Z" hostname="BESTPC" tests="4" failures="0" errors="0" skipped="0" time="0.0044086">
        <testcase classname="src/lib/hooks/use-previous-month.test.ts" name="usePreviousMonth &gt; should return the previous month and same year for months 2-12" time="0.0024332">
        </testcase>
        <testcase classname="src/lib/hooks/use-previous-month.test.ts" name="usePreviousMonth &gt; should return December of previous year when current month is January" time="0.0003571">
        </testcase>
        <testcase classname="src/lib/hooks/use-previous-month.test.ts" name="usePreviousMonth &gt; should handle leap years correctly" time="0.0003487">
        </testcase>
        <testcase classname="src/lib/hooks/use-previous-month.test.ts" name="usePreviousMonth &gt; should handle year transitions correctly" time="0.0002109">
        </testcase>
    </testsuite>
</testsuites>
